{"C:\\Users\\felip\\OneDrive\\Documents\\faculdade\\ESS\\ESS 2025.2\\projeto\\teaching-assistant-react\\backend\\src\\server.ts": {"path":"C:\\Users\\felip\\OneDrive\\Documents\\faculdade\\ESS\\ESS 2025.2\\projeto\\teaching-assistant-react\\backend\\src\\server.ts","statementMap":{"0":{"start":{"line":1,"column":0},"end":{"line":1,"column":53}},"1":{"start":{"line":2,"column":0},"end":{"line":2,"column":24}},"2":{"start":{"line":3,"column":0},"end":{"line":3,"column":49}},"3":{"start":{"line":4,"column":0},"end":{"line":4,"column":43}},"4":{"start":{"line":6,"column":0},"end":{"line":6,"column":43}},"5":{"start":{"line":7,"column":0},"end":{"line":7,"column":39}},"6":{"start":{"line":8,"column":0},"end":{"line":8,"column":37}},"7":{"start":{"line":9,"column":0},"end":{"line":9,"column":25}},"8":{"start":{"line":10,"column":0},"end":{"line":10,"column":29}},"9":{"start":{"line":13,"column":15},"end":{"line":13,"column":32}},"10":{"start":{"line":16,"column":19},"end":{"line":16,"column":46}},"11":{"start":{"line":18,"column":12},"end":{"line":18,"column":21}},"12":{"start":{"line":565,"column":9},"end":{"line":565,"column":12}},"13":{"start":{"line":19,"column":13},"end":{"line":19,"column":17}},"14":{"start":{"line":22,"column":0},"end":{"line":22,"column":16}},"15":{"start":{"line":23,"column":0},"end":{"line":23,"column":24}},"16":{"start":{"line":26,"column":19},"end":{"line":26,"column":35}},"17":{"start":{"line":27,"column":16},"end":{"line":27,"column":29}},"18":{"start":{"line":28,"column":17},"end":{"line":32,"column":40}},"19":{"start":{"line":35,"column":28},"end":{"line":40,"column":1}},"20":{"start":{"line":36,"column":18},"end":{"line":36,"column":40}},"21":{"start":{"line":37,"column":2},"end":{"line":39,"column":3}},"22":{"start":{"line":38,"column":4},"end":{"line":38,"column":47}},"23":{"start":{"line":42,"column":23},"end":{"line":68,"column":1}},"24":{"start":{"line":43,"column":2},"end":{"line":67,"column":3}},"25":{"start":{"line":44,"column":17},"end":{"line":61,"column":6}},"26":{"start":{"line":45,"column":60},"end":{"line":49,"column":8}},"27":{"start":{"line":50,"column":56},"end":{"line":60,"column":8}},"28":{"start":{"line":54,"column":66},"end":{"line":57,"column":10}},"29":{"start":{"line":56,"column":69},"end":{"line":56,"column":88}},"30":{"start":{"line":59,"column":47},"end":{"line":59,"column":60}},"31":{"start":{"line":63,"column":4},"end":{"line":63,"column":26}},"32":{"start":{"line":64,"column":4},"end":{"line":64,"column":70}},"33":{"start":{"line":66,"column":4},"end":{"line":66,"column":59}},"34":{"start":{"line":71,"column":25},"end":{"line":114,"column":1}},"35":{"start":{"line":72,"column":2},"end":{"line":113,"column":3}},"36":{"start":{"line":73,"column":4},"end":{"line":110,"column":5}},"37":{"start":{"line":74,"column":26},"end":{"line":74,"column":60}},"38":{"start":{"line":75,"column":19},"end":{"line":75,"column":42}},"39":{"start":{"line":78,"column":6},"end":{"line":93,"column":7}},"40":{"start":{"line":79,"column":8},"end":{"line":92,"column":11}},"41":{"start":{"line":81,"column":26},"end":{"line":84,"column":null}},"42":{"start":{"line":87,"column":10},"end":{"line":91,"column":11}},"43":{"start":{"line":88,"column":12},"end":{"line":88,"column":43}},"44":{"start":{"line":90,"column":12},"end":{"line":90,"column":78}},"45":{"start":{"line":96,"column":6},"end":{"line":109,"column":7}},"46":{"start":{"line":97,"column":8},"end":{"line":108,"column":11}},"47":{"start":{"line":98,"column":10},"end":{"line":107,"column":11}},"48":{"start":{"line":100,"column":29},"end":{"line":102,"column":null}},"49":{"start":{"line":104,"column":12},"end":{"line":104,"column":39}},"50":{"start":{"line":106,"column":12},"end":{"line":106,"column":75}},"51":{"start":{"line":112,"column":4},"end":{"line":112,"column":58}},"52":{"start":{"line":117,"column":20},"end":{"line":121,"column":1}},"53":{"start":{"line":118,"column":2},"end":{"line":120,"column":5}},"54":{"start":{"line":119,"column":4},"end":{"line":119,"column":21}},"55":{"start":{"line":124,"column":0},"end":{"line":124,"column":19}},"56":{"start":{"line":127,"column":17},"end":{"line":129,"column":1}},"57":{"start":{"line":128,"column":2},"end":{"line":128,"column":34}},"58":{"start":{"line":134,"column":0},"end":{"line":141,"column":3}},"59":{"start":{"line":135,"column":2},"end":{"line":140,"column":3}},"60":{"start":{"line":136,"column":21},"end":{"line":136,"column":48}},"61":{"start":{"line":137,"column":4},"end":{"line":137,"column":44}},"62":{"start":{"line":137,"column":31},"end":{"line":137,"column":41}},"63":{"start":{"line":139,"column":4},"end":{"line":139,"column":64}},"64":{"start":{"line":144,"column":0},"end":{"line":160,"column":3}},"65":{"start":{"line":145,"column":2},"end":{"line":159,"column":3}},"66":{"start":{"line":146,"column":33},"end":{"line":146,"column":41}},"67":{"start":{"line":148,"column":4},"end":{"line":150,"column":5}},"68":{"start":{"line":149,"column":6},"end":{"line":149,"column":82}},"69":{"start":{"line":153,"column":20},"end":{"line":153,"column":49}},"70":{"start":{"line":154,"column":25},"end":{"line":154,"column":55}},"71":{"start":{"line":155,"column":4},"end":{"line":155,"column":18}},"72":{"start":{"line":156,"column":4},"end":{"line":156,"column":48}},"73":{"start":{"line":158,"column":4},"end":{"line":158,"column":62}},"74":{"start":{"line":163,"column":0},"end":{"line":180,"column":3}},"75":{"start":{"line":164,"column":2},"end":{"line":179,"column":3}},"76":{"start":{"line":165,"column":20},"end":{"line":165,"column":30}},"77":{"start":{"line":166,"column":28},"end":{"line":166,"column":36}},"78":{"start":{"line":168,"column":4},"end":{"line":170,"column":5}},"79":{"start":{"line":169,"column":6},"end":{"line":169,"column":87}},"80":{"start":{"line":173,"column":27},"end":{"line":173,"column":56}},"81":{"start":{"line":174,"column":19},"end":{"line":174,"column":59}},"82":{"start":{"line":175,"column":4},"end":{"line":175,"column":18}},"83":{"start":{"line":176,"column":4},"end":{"line":176,"column":30}},"84":{"start":{"line":178,"column":4},"end":{"line":178,"column":62}},"85":{"start":{"line":183,"column":0},"end":{"line":198,"column":3}},"86":{"start":{"line":184,"column":2},"end":{"line":197,"column":3}},"87":{"start":{"line":185,"column":20},"end":{"line":185,"column":30}},"88":{"start":{"line":186,"column":23},"end":{"line":186,"column":36}},"89":{"start":{"line":187,"column":20},"end":{"line":187,"column":56}},"90":{"start":{"line":189,"column":4},"end":{"line":191,"column":5}},"91":{"start":{"line":190,"column":6},"end":{"line":190,"column":66}},"92":{"start":{"line":193,"column":4},"end":{"line":193,"column":18}},"93":{"start":{"line":194,"column":4},"end":{"line":194,"column":27}},"94":{"start":{"line":196,"column":4},"end":{"line":196,"column":62}},"95":{"start":{"line":239,"column":0},"end":{"line":253,"column":3}},"96":{"start":{"line":240,"column":2},"end":{"line":252,"column":3}},"97":{"start":{"line":241,"column":20},"end":{"line":241,"column":30}},"98":{"start":{"line":242,"column":23},"end":{"line":242,"column":36}},"99":{"start":{"line":243,"column":20},"end":{"line":243,"column":59}},"100":{"start":{"line":245,"column":4},"end":{"line":247,"column":5}},"101":{"start":{"line":246,"column":6},"end":{"line":246,"column":66}},"102":{"start":{"line":249,"column":4},"end":{"line":249,"column":31}},"103":{"start":{"line":251,"column":4},"end":{"line":251,"column":62}},"104":{"start":{"line":256,"column":0},"end":{"line":263,"column":3}},"105":{"start":{"line":257,"column":2},"end":{"line":262,"column":3}},"106":{"start":{"line":258,"column":23},"end":{"line":258,"column":46}},"107":{"start":{"line":259,"column":4},"end":{"line":259,"column":46}},"108":{"start":{"line":259,"column":33},"end":{"line":259,"column":43}},"109":{"start":{"line":261,"column":4},"end":{"line":261,"column":63}},"110":{"start":{"line":266,"column":0},"end":{"line":281,"column":3}},"111":{"start":{"line":267,"column":2},"end":{"line":280,"column":3}},"112":{"start":{"line":268,"column":38},"end":{"line":268,"column":46}},"113":{"start":{"line":270,"column":4},"end":{"line":272,"column":5}},"114":{"start":{"line":271,"column":6},"end":{"line":271,"column":87}},"115":{"start":{"line":274,"column":21},"end":{"line":274,"column":53}},"116":{"start":{"line":275,"column":21},"end":{"line":275,"column":47}},"117":{"start":{"line":276,"column":4},"end":{"line":276,"column":18}},"118":{"start":{"line":277,"column":4},"end":{"line":277,"column":44}},"119":{"start":{"line":279,"column":4},"end":{"line":279,"column":62}},"120":{"start":{"line":284,"column":0},"end":{"line":308,"column":3}},"121":{"start":{"line":285,"column":2},"end":{"line":307,"column":3}},"122":{"start":{"line":286,"column":19},"end":{"line":286,"column":29}},"123":{"start":{"line":287,"column":38},"end":{"line":287,"column":46}},"124":{"start":{"line":289,"column":4},"end":{"line":291,"column":5}},"125":{"start":{"line":290,"column":6},"end":{"line":290,"column":87}},"126":{"start":{"line":293,"column":26},"end":{"line":293,"column":51}},"127":{"start":{"line":294,"column":4},"end":{"line":296,"column":5}},"128":{"start":{"line":295,"column":6},"end":{"line":295,"column":64}},"129":{"start":{"line":299,"column":4},"end":{"line":299,"column":34}},"130":{"start":{"line":300,"column":4},"end":{"line":300,"column":40}},"131":{"start":{"line":301,"column":4},"end":{"line":301,"column":32}},"132":{"start":{"line":303,"column":4},"end":{"line":303,"column":18}},"133":{"start":{"line":304,"column":4},"end":{"line":304,"column":37}},"134":{"start":{"line":306,"column":4},"end":{"line":306,"column":62}},"135":{"start":{"line":311,"column":0},"end":{"line":325,"column":3}},"136":{"start":{"line":312,"column":2},"end":{"line":324,"column":3}},"137":{"start":{"line":313,"column":19},"end":{"line":313,"column":29}},"138":{"start":{"line":314,"column":20},"end":{"line":314,"column":43}},"139":{"start":{"line":316,"column":4},"end":{"line":318,"column":5}},"140":{"start":{"line":317,"column":6},"end":{"line":317,"column":64}},"141":{"start":{"line":320,"column":4},"end":{"line":320,"column":18}},"142":{"start":{"line":321,"column":4},"end":{"line":321,"column":27}},"143":{"start":{"line":323,"column":4},"end":{"line":323,"column":62}},"144":{"start":{"line":328,"column":0},"end":{"line":353,"column":3}},"145":{"start":{"line":329,"column":2},"end":{"line":352,"column":3}},"146":{"start":{"line":330,"column":24},"end":{"line":330,"column":34}},"147":{"start":{"line":331,"column":27},"end":{"line":331,"column":35}},"148":{"start":{"line":333,"column":4},"end":{"line":335,"column":5}},"149":{"start":{"line":334,"column":6},"end":{"line":334,"column":72}},"150":{"start":{"line":337,"column":21},"end":{"line":337,"column":51}},"151":{"start":{"line":338,"column":4},"end":{"line":340,"column":5}},"152":{"start":{"line":339,"column":6},"end":{"line":339,"column":64}},"153":{"start":{"line":342,"column":20},"end":{"line":342,"column":69}},"154":{"start":{"line":343,"column":4},"end":{"line":345,"column":5}},"155":{"start":{"line":344,"column":6},"end":{"line":344,"column":66}},"156":{"start":{"line":347,"column":23},"end":{"line":347,"column":54}},"157":{"start":{"line":348,"column":4},"end":{"line":348,"column":18}},"158":{"start":{"line":349,"column":4},"end":{"line":349,"column":46}},"159":{"start":{"line":351,"column":4},"end":{"line":351,"column":62}},"160":{"start":{"line":356,"column":0},"end":{"line":377,"column":3}},"161":{"start":{"line":357,"column":2},"end":{"line":376,"column":3}},"162":{"start":{"line":358,"column":36},"end":{"line":358,"column":46}},"163":{"start":{"line":360,"column":21},"end":{"line":360,"column":51}},"164":{"start":{"line":361,"column":4},"end":{"line":363,"column":5}},"165":{"start":{"line":362,"column":6},"end":{"line":362,"column":64}},"166":{"start":{"line":365,"column":23},"end":{"line":365,"column":43}},"167":{"start":{"line":366,"column":20},"end":{"line":366,"column":57}},"168":{"start":{"line":368,"column":4},"end":{"line":370,"column":5}},"169":{"start":{"line":369,"column":6},"end":{"line":369,"column":83}},"170":{"start":{"line":372,"column":4},"end":{"line":372,"column":18}},"171":{"start":{"line":373,"column":4},"end":{"line":373,"column":27}},"172":{"start":{"line":375,"column":4},"end":{"line":375,"column":62}},"173":{"start":{"line":380,"column":0},"end":{"line":394,"column":3}},"174":{"start":{"line":381,"column":2},"end":{"line":393,"column":3}},"175":{"start":{"line":382,"column":24},"end":{"line":382,"column":34}},"176":{"start":{"line":384,"column":21},"end":{"line":384,"column":51}},"177":{"start":{"line":385,"column":4},"end":{"line":387,"column":5}},"178":{"start":{"line":386,"column":6},"end":{"line":386,"column":64}},"179":{"start":{"line":389,"column":24},"end":{"line":389,"column":49}},"180":{"start":{"line":390,"column":4},"end":{"line":390,"column":47}},"181":{"start":{"line":390,"column":34},"end":{"line":390,"column":44}},"182":{"start":{"line":392,"column":4},"end":{"line":392,"column":62}},"183":{"start":{"line":397,"column":0},"end":{"line":433,"column":3}},"184":{"start":{"line":398,"column":2},"end":{"line":432,"column":3}},"185":{"start":{"line":399,"column":36},"end":{"line":399,"column":46}},"186":{"start":{"line":400,"column":28},"end":{"line":400,"column":36}},"187":{"start":{"line":402,"column":4},"end":{"line":404,"column":5}},"188":{"start":{"line":403,"column":6},"end":{"line":403,"column":65}},"189":{"start":{"line":406,"column":21},"end":{"line":406,"column":51}},"190":{"start":{"line":407,"column":4},"end":{"line":409,"column":5}},"191":{"start":{"line":408,"column":6},"end":{"line":408,"column":64}},"192":{"start":{"line":411,"column":23},"end":{"line":411,"column":43}},"193":{"start":{"line":412,"column":23},"end":{"line":412,"column":70}},"194":{"start":{"line":413,"column":4},"end":{"line":415,"column":5}},"195":{"start":{"line":414,"column":6},"end":{"line":414,"column":83}},"196":{"start":{"line":417,"column":4},"end":{"line":426,"column":5}},"197":{"start":{"line":419,"column":6},"end":{"line":419,"column":40}},"198":{"start":{"line":422,"column":6},"end":{"line":424,"column":7}},"199":{"start":{"line":423,"column":8},"end":{"line":423,"column":90}},"200":{"start":{"line":425,"column":6},"end":{"line":425,"column":52}},"201":{"start":{"line":428,"column":4},"end":{"line":428,"column":18}},"202":{"start":{"line":429,"column":4},"end":{"line":429,"column":34}},"203":{"start":{"line":431,"column":4},"end":{"line":431,"column":62}},"204":{"start":{"line":436,"column":0},"end":{"line":480,"column":3}},"205":{"start":{"line":437,"column":2},"end":{"line":479,"column":3}},"206":{"start":{"line":438,"column":43},"end":{"line":438,"column":53}},"207":{"start":{"line":440,"column":24},"end":{"line":440,"column":60}},"208":{"start":{"line":441,"column":4},"end":{"line":443,"column":5}},"209":{"start":{"line":442,"column":6},"end":{"line":442,"column":71}},"210":{"start":{"line":445,"column":22},"end":{"line":445,"column":56}},"211":{"start":{"line":446,"column":4},"end":{"line":448,"column":5}},"212":{"start":{"line":447,"column":6},"end":{"line":447,"column":76}},"213":{"start":{"line":451,"column":24},"end":{"line":451,"column":46}},"214":{"start":{"line":452,"column":4},"end":{"line":457,"column":5}},"215":{"start":{"line":453,"column":6},"end":{"line":456,"column":9}},"216":{"start":{"line":459,"column":22},"end":{"line":459,"column":42}},"217":{"start":{"line":460,"column":4},"end":{"line":465,"column":5}},"218":{"start":{"line":461,"column":6},"end":{"line":464,"column":9}},"219":{"start":{"line":468,"column":19},"end":{"line":468,"column":43}},"220":{"start":{"line":470,"column":4},"end":{"line":470,"column":52}},"221":{"start":{"line":470,"column":27},"end":{"line":470,"column":50}},"222":{"start":{"line":472,"column":4},"end":{"line":472,"column":18}},"223":{"start":{"line":473,"column":4},"end":{"line":476,"column":7}},"224":{"start":{"line":478,"column":4},"end":{"line":478,"column":62}},"225":{"start":{"line":484,"column":0},"end":{"line":493,"column":3}},"226":{"start":{"line":485,"column":2},"end":{"line":492,"column":3}},"227":{"start":{"line":486,"column":24},"end":{"line":486,"column":34}},"228":{"start":{"line":487,"column":21},"end":{"line":487,"column":51}},"229":{"start":{"line":488,"column":4},"end":{"line":488,"column":77}},"230":{"start":{"line":488,"column":19},"end":{"line":488,"column":77}},"231":{"start":{"line":489,"column":4},"end":{"line":489,"column":55}},"232":{"start":{"line":489,"column":42},"end":{"line":489,"column":52}},"233":{"start":{"line":491,"column":4},"end":{"line":491,"column":62}},"234":{"start":{"line":496,"column":0},"end":{"line":512,"column":3}},"235":{"start":{"line":497,"column":2},"end":{"line":511,"column":3}},"236":{"start":{"line":498,"column":24},"end":{"line":498,"column":34}},"237":{"start":{"line":499,"column":36},"end":{"line":499,"column":44}},"238":{"start":{"line":500,"column":4},"end":{"line":500,"column":124}},"239":{"start":{"line":500,"column":46},"end":{"line":500,"column":124}},"240":{"start":{"line":502,"column":21},"end":{"line":502,"column":51}},"241":{"start":{"line":503,"column":4},"end":{"line":503,"column":77}},"242":{"start":{"line":503,"column":19},"end":{"line":503,"column":77}},"243":{"start":{"line":505,"column":17},"end":{"line":505,"column":46}},"244":{"start":{"line":506,"column":18},"end":{"line":506,"column":40}},"245":{"start":{"line":507,"column":4},"end":{"line":507,"column":18}},"246":{"start":{"line":508,"column":4},"end":{"line":508,"column":41}},"247":{"start":{"line":510,"column":4},"end":{"line":510,"column":62}},"248":{"start":{"line":515,"column":0},"end":{"line":532,"column":3}},"249":{"start":{"line":516,"column":2},"end":{"line":531,"column":3}},"250":{"start":{"line":517,"column":32},"end":{"line":517,"column":42}},"251":{"start":{"line":518,"column":36},"end":{"line":518,"column":44}},"252":{"start":{"line":519,"column":21},"end":{"line":519,"column":51}},"253":{"start":{"line":520,"column":4},"end":{"line":520,"column":77}},"254":{"start":{"line":520,"column":19},"end":{"line":520,"column":77}},"255":{"start":{"line":522,"column":4},"end":{"line":528,"column":5}},"256":{"start":{"line":523,"column":22},"end":{"line":523,"column":70}},"257":{"start":{"line":524,"column":6},"end":{"line":524,"column":20}},"258":{"start":{"line":525,"column":6},"end":{"line":525,"column":33}},"259":{"start":{"line":527,"column":6},"end":{"line":527,"column":56}},"260":{"start":{"line":530,"column":4},"end":{"line":530,"column":62}},"261":{"start":{"line":535,"column":0},"end":{"line":549,"column":3}},"262":{"start":{"line":536,"column":2},"end":{"line":548,"column":3}},"263":{"start":{"line":537,"column":32},"end":{"line":537,"column":42}},"264":{"start":{"line":538,"column":21},"end":{"line":538,"column":51}},"265":{"start":{"line":539,"column":4},"end":{"line":539,"column":77}},"266":{"start":{"line":539,"column":19},"end":{"line":539,"column":77}},"267":{"start":{"line":541,"column":20},"end":{"line":541,"column":47}},"268":{"start":{"line":542,"column":4},"end":{"line":542,"column":75}},"269":{"start":{"line":542,"column":18},"end":{"line":542,"column":75}},"270":{"start":{"line":544,"column":4},"end":{"line":544,"column":18}},"271":{"start":{"line":545,"column":4},"end":{"line":545,"column":27}},"272":{"start":{"line":547,"column":4},"end":{"line":547,"column":62}},"273":{"start":{"line":555,"column":0},"end":{"line":557,"column":3}},"274":{"start":{"line":556,"column":2},"end":{"line":556,"column":70}},"275":{"start":{"line":559,"column":0},"end":{"line":563,"column":1}},"276":{"start":{"line":560,"column":2},"end":{"line":562,"column":5}},"277":{"start":{"line":561,"column":4},"end":{"line":561,"column":62}}},"fnMap":{"0":{"name":"(anonymous_10)","decl":{"start":{"line":35,"column":28},"end":{"line":35,"column":37}},"loc":{"start":{"line":35,"column":39},"end":{"line":40,"column":1}}},"1":{"name":"(anonymous_11)","decl":{"start":{"line":42,"column":23},"end":{"line":42,"column":32}},"loc":{"start":{"line":42,"column":34},"end":{"line":68,"column":1}}},"2":{"name":"(anonymous_12)","decl":{"start":{"line":45,"column":48},"end":{"line":45,"column":55}},"loc":{"start":{"line":45,"column":60},"end":{"line":49,"column":8}}},"3":{"name":"(anonymous_13)","decl":{"start":{"line":50,"column":43},"end":{"line":50,"column":51}},"loc":{"start":{"line":50,"column":56},"end":{"line":60,"column":8}}},"4":{"name":"(anonymous_14)","decl":{"start":{"line":54,"column":51},"end":{"line":54,"column":61}},"loc":{"start":{"line":54,"column":66},"end":{"line":57,"column":10}}},"5":{"name":"(anonymous_15)","decl":{"start":{"line":56,"column":55},"end":{"line":56,"column":65}},"loc":{"start":{"line":56,"column":69},"end":{"line":56,"column":88}}},"6":{"name":"(anonymous_16)","decl":{"start":{"line":59,"column":39},"end":{"line":59,"column":43}},"loc":{"start":{"line":59,"column":47},"end":{"line":59,"column":60}}},"7":{"name":"(anonymous_17)","decl":{"start":{"line":71,"column":25},"end":{"line":71,"column":34}},"loc":{"start":{"line":71,"column":36},"end":{"line":114,"column":1}}},"8":{"name":"(anonymous_18)","decl":{"start":{"line":79,"column":30},"end":{"line":79,"column":31}},"loc":{"start":{"line":79,"column":51},"end":{"line":92,"column":9}}},"9":{"name":"(anonymous_19)","decl":{"start":{"line":97,"column":29},"end":{"line":97,"column":30}},"loc":{"start":{"line":97,"column":48},"end":{"line":108,"column":9}}},"10":{"name":"(anonymous_20)","decl":{"start":{"line":117,"column":20},"end":{"line":117,"column":29}},"loc":{"start":{"line":117,"column":31},"end":{"line":121,"column":1}}},"11":{"name":"(anonymous_21)","decl":{"start":{"line":118,"column":15},"end":{"line":118,"column":18}},"loc":{"start":{"line":118,"column":20},"end":{"line":120,"column":3}}},"12":{"name":"(anonymous_22)","decl":{"start":{"line":127,"column":17},"end":{"line":127,"column":18}},"loc":{"start":{"line":127,"column":41},"end":{"line":129,"column":1}}},"13":{"name":"(anonymous_23)","decl":{"start":{"line":134,"column":25},"end":{"line":134,"column":26}},"loc":{"start":{"line":134,"column":57},"end":{"line":141,"column":1}}},"14":{"name":"(anonymous_24)","decl":{"start":{"line":137,"column":26},"end":{"line":137,"column":27}},"loc":{"start":{"line":137,"column":31},"end":{"line":137,"column":41}}},"15":{"name":"(anonymous_25)","decl":{"start":{"line":144,"column":26},"end":{"line":144,"column":27}},"loc":{"start":{"line":144,"column":58},"end":{"line":160,"column":1}}},"16":{"name":"(anonymous_26)","decl":{"start":{"line":163,"column":30},"end":{"line":163,"column":31}},"loc":{"start":{"line":163,"column":62},"end":{"line":180,"column":1}}},"17":{"name":"(anonymous_27)","decl":{"start":{"line":183,"column":33},"end":{"line":183,"column":34}},"loc":{"start":{"line":183,"column":65},"end":{"line":198,"column":1}}},"18":{"name":"(anonymous_28)","decl":{"start":{"line":239,"column":30},"end":{"line":239,"column":31}},"loc":{"start":{"line":239,"column":62},"end":{"line":253,"column":1}}},"19":{"name":"(anonymous_29)","decl":{"start":{"line":256,"column":24},"end":{"line":256,"column":25}},"loc":{"start":{"line":256,"column":56},"end":{"line":263,"column":1}}},"20":{"name":"(anonymous_30)","decl":{"start":{"line":259,"column":28},"end":{"line":259,"column":29}},"loc":{"start":{"line":259,"column":33},"end":{"line":259,"column":43}}},"21":{"name":"(anonymous_31)","decl":{"start":{"line":266,"column":25},"end":{"line":266,"column":26}},"loc":{"start":{"line":266,"column":57},"end":{"line":281,"column":1}}},"22":{"name":"(anonymous_32)","decl":{"start":{"line":284,"column":28},"end":{"line":284,"column":29}},"loc":{"start":{"line":284,"column":60},"end":{"line":308,"column":1}}},"23":{"name":"(anonymous_33)","decl":{"start":{"line":311,"column":31},"end":{"line":311,"column":32}},"loc":{"start":{"line":311,"column":63},"end":{"line":325,"column":1}}},"24":{"name":"(anonymous_34)","decl":{"start":{"line":328,"column":41},"end":{"line":328,"column":42}},"loc":{"start":{"line":328,"column":73},"end":{"line":353,"column":1}}},"25":{"name":"(anonymous_35)","decl":{"start":{"line":356,"column":55},"end":{"line":356,"column":56}},"loc":{"start":{"line":356,"column":87},"end":{"line":377,"column":1}}},"26":{"name":"(anonymous_36)","decl":{"start":{"line":380,"column":45},"end":{"line":380,"column":46}},"loc":{"start":{"line":380,"column":77},"end":{"line":394,"column":1}}},"27":{"name":"(anonymous_37)","decl":{"start":{"line":390,"column":29},"end":{"line":390,"column":30}},"loc":{"start":{"line":390,"column":34},"end":{"line":390,"column":44}}},"28":{"name":"(anonymous_38)","decl":{"start":{"line":397,"column":68},"end":{"line":397,"column":69}},"loc":{"start":{"line":397,"column":100},"end":{"line":433,"column":1}}},"29":{"name":"(anonymous_39)","decl":{"start":{"line":436,"column":65},"end":{"line":436,"column":66}},"loc":{"start":{"line":436,"column":97},"end":{"line":480,"column":1}}},"30":{"name":"(anonymous_40)","decl":{"start":{"line":470,"column":19},"end":{"line":470,"column":23}},"loc":{"start":{"line":470,"column":27},"end":{"line":470,"column":50}}},"31":{"name":"(anonymous_41)","decl":{"start":{"line":484,"column":39},"end":{"line":484,"column":40}},"loc":{"start":{"line":484,"column":71},"end":{"line":493,"column":1}}},"32":{"name":"(anonymous_42)","decl":{"start":{"line":489,"column":37},"end":{"line":489,"column":38}},"loc":{"start":{"line":489,"column":42},"end":{"line":489,"column":52}}},"33":{"name":"(anonymous_43)","decl":{"start":{"line":496,"column":40},"end":{"line":496,"column":41}},"loc":{"start":{"line":496,"column":72},"end":{"line":512,"column":1}}},"34":{"name":"(anonymous_44)","decl":{"start":{"line":515,"column":47},"end":{"line":515,"column":48}},"loc":{"start":{"line":515,"column":79},"end":{"line":532,"column":1}}},"35":{"name":"(anonymous_45)","decl":{"start":{"line":535,"column":50},"end":{"line":535,"column":51}},"loc":{"start":{"line":535,"column":82},"end":{"line":549,"column":1}}},"36":{"name":"(anonymous_46)","decl":{"start":{"line":555,"column":73},"end":{"line":555,"column":78}},"loc":{"start":{"line":555,"column":127},"end":{"line":557,"column":1}}},"37":{"name":"(anonymous_47)","decl":{"start":{"line":560,"column":19},"end":{"line":560,"column":22}},"loc":{"start":{"line":560,"column":24},"end":{"line":562,"column":3}}}},"branchMap":{"0":{"loc":{"start":{"line":28,"column":17},"end":{"line":32,"column":40}},"type":"cond-expr","locations":[{"start":{"line":29,"column":4},"end":{"line":29,"column":43}},{"start":{"line":30,"column":4},"end":{"line":32,"column":40}}]},"1":{"loc":{"start":{"line":30,"column":4},"end":{"line":32,"column":40}},"type":"cond-expr","locations":[{"start":{"line":31,"column":4},"end":{"line":31,"column":45}},{"start":{"line":32,"column":4},"end":{"line":32,"column":40}}]},"2":{"loc":{"start":{"line":37,"column":2},"end":{"line":39,"column":3}},"type":"if","locations":[{"start":{"line":37,"column":2},"end":{"line":39,"column":3}}]},"3":{"loc":{"start":{"line":73,"column":4},"end":{"line":110,"column":5}},"type":"if","locations":[{"start":{"line":73,"column":4},"end":{"line":110,"column":5}}]},"4":{"loc":{"start":{"line":78,"column":6},"end":{"line":93,"column":7}},"type":"if","locations":[{"start":{"line":78,"column":6},"end":{"line":93,"column":7}}]},"5":{"loc":{"start":{"line":78,"column":10},"end":{"line":78,"column":55}},"type":"binary-expr","locations":[{"start":{"line":78,"column":10},"end":{"line":78,"column":23}},{"start":{"line":78,"column":27},"end":{"line":78,"column":55}}]},"6":{"loc":{"start":{"line":96,"column":6},"end":{"line":109,"column":7}},"type":"if","locations":[{"start":{"line":96,"column":6},"end":{"line":109,"column":7}}]},"7":{"loc":{"start":{"line":96,"column":10},"end":{"line":96,"column":53}},"type":"binary-expr","locations":[{"start":{"line":96,"column":10},"end":{"line":96,"column":22}},{"start":{"line":96,"column":26},"end":{"line":96,"column":53}}]},"8":{"loc":{"start":{"line":148,"column":4},"end":{"line":150,"column":5}},"type":"if","locations":[{"start":{"line":148,"column":4},"end":{"line":150,"column":5}}]},"9":{"loc":{"start":{"line":148,"column":8},"end":{"line":148,"column":31}},"type":"binary-expr","locations":[{"start":{"line":148,"column":8},"end":{"line":148,"column":13}},{"start":{"line":148,"column":17},"end":{"line":148,"column":21}},{"start":{"line":148,"column":25},"end":{"line":148,"column":31}}]},"10":{"loc":{"start":{"line":168,"column":4},"end":{"line":170,"column":5}},"type":"if","locations":[{"start":{"line":168,"column":4},"end":{"line":170,"column":5}}]},"11":{"loc":{"start":{"line":168,"column":8},"end":{"line":168,"column":23}},"type":"binary-expr","locations":[{"start":{"line":168,"column":8},"end":{"line":168,"column":13}},{"start":{"line":168,"column":17},"end":{"line":168,"column":23}}]},"12":{"loc":{"start":{"line":189,"column":4},"end":{"line":191,"column":5}},"type":"if","locations":[{"start":{"line":189,"column":4},"end":{"line":191,"column":5}}]},"13":{"loc":{"start":{"line":245,"column":4},"end":{"line":247,"column":5}},"type":"if","locations":[{"start":{"line":245,"column":4},"end":{"line":247,"column":5}}]},"14":{"loc":{"start":{"line":270,"column":4},"end":{"line":272,"column":5}},"type":"if","locations":[{"start":{"line":270,"column":4},"end":{"line":272,"column":5}}]},"15":{"loc":{"start":{"line":270,"column":8},"end":{"line":270,"column":36}},"type":"binary-expr","locations":[{"start":{"line":270,"column":8},"end":{"line":270,"column":14}},{"start":{"line":270,"column":18},"end":{"line":270,"column":27}},{"start":{"line":270,"column":31},"end":{"line":270,"column":36}}]},"16":{"loc":{"start":{"line":289,"column":4},"end":{"line":291,"column":5}},"type":"if","locations":[{"start":{"line":289,"column":4},"end":{"line":291,"column":5}}]},"17":{"loc":{"start":{"line":289,"column":8},"end":{"line":289,"column":36}},"type":"binary-expr","locations":[{"start":{"line":289,"column":8},"end":{"line":289,"column":14}},{"start":{"line":289,"column":18},"end":{"line":289,"column":27}},{"start":{"line":289,"column":31},"end":{"line":289,"column":36}}]},"18":{"loc":{"start":{"line":294,"column":4},"end":{"line":296,"column":5}},"type":"if","locations":[{"start":{"line":294,"column":4},"end":{"line":296,"column":5}}]},"19":{"loc":{"start":{"line":316,"column":4},"end":{"line":318,"column":5}},"type":"if","locations":[{"start":{"line":316,"column":4},"end":{"line":318,"column":5}}]},"20":{"loc":{"start":{"line":333,"column":4},"end":{"line":335,"column":5}},"type":"if","locations":[{"start":{"line":333,"column":4},"end":{"line":335,"column":5}}]},"21":{"loc":{"start":{"line":338,"column":4},"end":{"line":340,"column":5}},"type":"if","locations":[{"start":{"line":338,"column":4},"end":{"line":340,"column":5}}]},"22":{"loc":{"start":{"line":343,"column":4},"end":{"line":345,"column":5}},"type":"if","locations":[{"start":{"line":343,"column":4},"end":{"line":345,"column":5}}]},"23":{"loc":{"start":{"line":361,"column":4},"end":{"line":363,"column":5}},"type":"if","locations":[{"start":{"line":361,"column":4},"end":{"line":363,"column":5}}]},"24":{"loc":{"start":{"line":368,"column":4},"end":{"line":370,"column":5}},"type":"if","locations":[{"start":{"line":368,"column":4},"end":{"line":370,"column":5}}]},"25":{"loc":{"start":{"line":385,"column":4},"end":{"line":387,"column":5}},"type":"if","locations":[{"start":{"line":385,"column":4},"end":{"line":387,"column":5}}]},"26":{"loc":{"start":{"line":402,"column":4},"end":{"line":404,"column":5}},"type":"if","locations":[{"start":{"line":402,"column":4},"end":{"line":404,"column":5}}]},"27":{"loc":{"start":{"line":407,"column":4},"end":{"line":409,"column":5}},"type":"if","locations":[{"start":{"line":407,"column":4},"end":{"line":409,"column":5}}]},"28":{"loc":{"start":{"line":413,"column":4},"end":{"line":415,"column":5}},"type":"if","locations":[{"start":{"line":413,"column":4},"end":{"line":415,"column":5}}]},"29":{"loc":{"start":{"line":417,"column":4},"end":{"line":426,"column":5}},"type":"if","locations":[{"start":{"line":417,"column":4},"end":{"line":426,"column":5}},{"start":{"line":420,"column":11},"end":{"line":426,"column":5}}]},"30":{"loc":{"start":{"line":417,"column":8},"end":{"line":417,"column":61}},"type":"binary-expr","locations":[{"start":{"line":417,"column":8},"end":{"line":417,"column":20}},{"start":{"line":417,"column":24},"end":{"line":417,"column":38}},{"start":{"line":417,"column":42},"end":{"line":417,"column":61}}]},"31":{"loc":{"start":{"line":422,"column":6},"end":{"line":424,"column":7}},"type":"if","locations":[{"start":{"line":422,"column":6},"end":{"line":424,"column":7}}]},"32":{"loc":{"start":{"line":441,"column":4},"end":{"line":443,"column":5}},"type":"if","locations":[{"start":{"line":441,"column":4},"end":{"line":443,"column":5}}]},"33":{"loc":{"start":{"line":446,"column":4},"end":{"line":448,"column":5}},"type":"if","locations":[{"start":{"line":446,"column":4},"end":{"line":448,"column":5}}]},"34":{"loc":{"start":{"line":452,"column":4},"end":{"line":457,"column":5}},"type":"if","locations":[{"start":{"line":452,"column":4},"end":{"line":457,"column":5}}]},"35":{"loc":{"start":{"line":452,"column":8},"end":{"line":452,"column":48}},"type":"binary-expr","locations":[{"start":{"line":452,"column":8},"end":{"line":452,"column":20}},{"start":{"line":452,"column":24},"end":{"line":452,"column":48}}]},"36":{"loc":{"start":{"line":460,"column":4},"end":{"line":465,"column":5}},"type":"if","locations":[{"start":{"line":460,"column":4},"end":{"line":465,"column":5}}]},"37":{"loc":{"start":{"line":460,"column":8},"end":{"line":460,"column":41}},"type":"binary-expr","locations":[{"start":{"line":460,"column":8},"end":{"line":460,"column":17}},{"start":{"line":460,"column":21},"end":{"line":460,"column":41}}]},"38":{"loc":{"start":{"line":488,"column":4},"end":{"line":488,"column":77}},"type":"if","locations":[{"start":{"line":488,"column":4},"end":{"line":488,"column":77}}]},"39":{"loc":{"start":{"line":500,"column":4},"end":{"line":500,"column":124}},"type":"if","locations":[{"start":{"line":500,"column":4},"end":{"line":500,"column":124}}]},"40":{"loc":{"start":{"line":500,"column":8},"end":{"line":500,"column":44}},"type":"binary-expr","locations":[{"start":{"line":500,"column":8},"end":{"line":500,"column":20}},{"start":{"line":500,"column":24},"end":{"line":500,"column":44}}]},"41":{"loc":{"start":{"line":503,"column":4},"end":{"line":503,"column":77}},"type":"if","locations":[{"start":{"line":503,"column":4},"end":{"line":503,"column":77}}]},"42":{"loc":{"start":{"line":520,"column":4},"end":{"line":520,"column":77}},"type":"if","locations":[{"start":{"line":520,"column":4},"end":{"line":520,"column":77}}]},"43":{"loc":{"start":{"line":539,"column":4},"end":{"line":539,"column":77}},"type":"if","locations":[{"start":{"line":539,"column":4},"end":{"line":539,"column":77}}]},"44":{"loc":{"start":{"line":542,"column":4},"end":{"line":542,"column":75}},"type":"if","locations":[{"start":{"line":542,"column":4},"end":{"line":542,"column":75}}]},"45":{"loc":{"start":{"line":559,"column":0},"end":{"line":563,"column":1}},"type":"if","locations":[{"start":{"line":559,"column":0},"end":{"line":563,"column":1}}]}},"s":{"0":1,"1":1,"2":1,"3":1,"4":1,"5":1,"6":1,"7":1,"8":1,"9":1,"10":1,"11":1,"12":1,"13":1,"14":1,"15":1,"16":1,"17":1,"18":1,"19":1,"20":7,"21":7,"22":0,"23":1,"24":7,"25":7,"26":0,"27":16,"28":0,"29":0,"30":15,"31":7,"32":7,"33":0,"34":1,"35":1,"36":1,"37":0,"38":0,"39":0,"40":0,"41":0,"42":0,"43":0,"44":0,"45":0,"46":0,"47":0,"48":0,"49":0,"50":0,"51":0,"52":1,"53":7,"54":7,"55":1,"56":1,"57":0,"58":1,"59":0,"60":0,"61":0,"62":0,"63":0,"64":1,"65":0,"66":0,"67":0,"68":0,"69":0,"70":0,"71":0,"72":0,"73":0,"74":1,"75":0,"76":0,"77":0,"78":0,"79":0,"80":0,"81":0,"82":0,"83":0,"84":0,"85":1,"86":0,"87":0,"88":0,"89":0,"90":0,"91":0,"92":0,"93":0,"94":0,"95":1,"96":0,"97":0,"98":0,"99":0,"100":0,"101":0,"102":0,"103":0,"104":1,"105":0,"106":0,"107":0,"108":0,"109":0,"110":1,"111":4,"112":4,"113":4,"114":0,"115":4,"116":4,"117":4,"118":4,"119":0,"120":1,"121":0,"122":0,"123":0,"124":0,"125":0,"126":0,"127":0,"128":0,"129":0,"130":0,"131":0,"132":0,"133":0,"134":0,"135":1,"136":0,"137":0,"138":0,"139":0,"140":0,"141":0,"142":0,"143":0,"144":1,"145":0,"146":0,"147":0,"148":0,"149":0,"150":0,"151":0,"152":0,"153":0,"154":0,"155":0,"156":0,"157":0,"158":0,"159":0,"160":1,"161":0,"162":0,"163":0,"164":0,"165":0,"166":0,"167":0,"168":0,"169":0,"170":0,"171":0,"172":0,"173":1,"174":0,"175":0,"176":0,"177":0,"178":0,"179":0,"180":0,"181":0,"182":0,"183":1,"184":0,"185":0,"186":0,"187":0,"188":0,"189":0,"190":0,"191":0,"192":0,"193":0,"194":0,"195":0,"196":0,"197":0,"198":0,"199":0,"200":0,"201":0,"202":0,"203":0,"204":1,"205":3,"206":3,"207":3,"208":3,"209":1,"210":2,"211":2,"212":1,"213":1,"214":1,"215":0,"216":1,"217":1,"218":0,"219":1,"220":1,"221":2,"222":1,"223":1,"224":0,"225":1,"226":3,"227":3,"228":3,"229":3,"230":0,"231":3,"232":4,"233":0,"234":1,"235":2,"236":2,"237":2,"238":2,"239":0,"240":2,"241":2,"242":0,"243":2,"244":2,"245":2,"246":2,"247":0,"248":1,"249":0,"250":0,"251":0,"252":0,"253":0,"254":0,"255":0,"256":0,"257":0,"258":0,"259":0,"260":0,"261":1,"262":0,"263":0,"264":0,"265":0,"266":0,"267":0,"268":0,"269":0,"270":0,"271":0,"272":0,"273":1,"274":0,"275":1,"276":0,"277":0},"f":{"0":7,"1":7,"2":0,"3":16,"4":0,"5":0,"6":15,"7":1,"8":0,"9":0,"10":7,"11":7,"12":0,"13":0,"14":0,"15":0,"16":0,"17":0,"18":0,"19":0,"20":0,"21":4,"22":0,"23":0,"24":0,"25":0,"26":0,"27":0,"28":0,"29":3,"30":2,"31":3,"32":4,"33":2,"34":0,"35":0,"36":0,"37":0},"b":{"0":[0,1],"1":[1,0],"2":[0],"3":[0],"4":[0],"5":[0,0],"6":[0],"7":[0,0],"8":[0],"9":[0,0,0],"10":[0],"11":[0,0],"12":[0],"13":[0],"14":[0],"15":[4,4,4],"16":[0],"17":[0,0,0],"18":[0],"19":[0],"20":[0],"21":[0],"22":[0],"23":[0],"24":[0],"25":[0],"26":[0],"27":[0],"28":[0],"29":[0,0],"30":[0,0,0],"31":[0],"32":[1],"33":[1],"34":[0],"35":[1,1],"36":[0],"37":[1,1],"38":[0],"39":[0],"40":[2,2],"41":[0],"42":[0],"43":[0],"44":[0],"45":[0]}}
,"C:\\Users\\felip\\OneDrive\\Documents\\faculdade\\ESS\\ESS 2025.2\\projeto\\teaching-assistant-react\\backend\\src\\models\\Class.ts": {"path":"C:\\Users\\felip\\OneDrive\\Documents\\faculdade\\ESS\\ESS 2025.2\\projeto\\teaching-assistant-react\\backend\\src\\models\\Class.ts","statementMap":{"0":{"start":{"line":2,"column":0},"end":{"line":2,"column":42}},"1":{"start":{"line":3,"column":0},"end":{"line":3,"column":30}},"2":{"start":{"line":25,"column":4},"end":{"line":25,"column":23}},"3":{"start":{"line":26,"column":4},"end":{"line":26,"column":29}},"4":{"start":{"line":27,"column":4},"end":{"line":27,"column":21}},"5":{"start":{"line":28,"column":4},"end":{"line":28,"column":35}},"6":{"start":{"line":29,"column":4},"end":{"line":29,"column":23}},"7":{"start":{"line":34,"column":4},"end":{"line":34,"column":22}},"8":{"start":{"line":38,"column":4},"end":{"line":38,"column":25}},"9":{"start":{"line":42,"column":4},"end":{"line":42,"column":21}},"10":{"start":{"line":46,"column":4},"end":{"line":46,"column":33}},"11":{"start":{"line":50,"column":4},"end":{"line":50,"column":27}},"12":{"start":{"line":55,"column":4},"end":{"line":55,"column":57}},"13":{"start":{"line":60,"column":4},"end":{"line":60,"column":23}},"14":{"start":{"line":64,"column":4},"end":{"line":64,"column":29}},"15":{"start":{"line":68,"column":4},"end":{"line":68,"column":21}},"16":{"start":{"line":74,"column":31},"end":{"line":74,"column":80}},"17":{"start":{"line":75,"column":4},"end":{"line":77,"column":5}},"18":{"start":{"line":76,"column":6},"end":{"line":76,"column":67}},"19":{"start":{"line":79,"column":23},"end":{"line":79,"column":46}},"20":{"start":{"line":80,"column":4},"end":{"line":80,"column":38}},"21":{"start":{"line":81,"column":4},"end":{"line":81,"column":22}},"22":{"start":{"line":85,"column":18},"end":{"line":86,"column":null}},"23":{"start":{"line":86,"column":6},"end":{"line":86,"column":53}},"24":{"start":{"line":89,"column":4},"end":{"line":91,"column":5}},"25":{"start":{"line":90,"column":6},"end":{"line":90,"column":19}},"26":{"start":{"line":93,"column":4},"end":{"line":93,"column":38}},"27":{"start":{"line":94,"column":4},"end":{"line":94,"column":16}},"28":{"start":{"line":98,"column":4},"end":{"line":100,"column":6}},"29":{"start":{"line":99,"column":6},"end":{"line":99,"column":53}},"30":{"start":{"line":105,"column":4},"end":{"line":105,"column":71}},"31":{"start":{"line":105,"column":46},"end":{"line":105,"column":69}},"32":{"start":{"line":110,"column":4},"end":{"line":110,"column":48}},"33":{"start":{"line":110,"column":34},"end":{"line":110,"column":46}},"34":{"start":{"line":118,"column":4},"end":{"line":118,"column":26}},"35":{"start":{"line":119,"column":4},"end":{"line":119,"column":16}},"36":{"start":{"line":123,"column":4},"end":{"line":123,"column":54}},"37":{"start":{"line":123,"column":32},"end":{"line":123,"column":52}},"38":{"start":{"line":127,"column":18},"end":{"line":127,"column":43}},"39":{"start":{"line":128,"column":4},"end":{"line":128,"column":50}},"40":{"start":{"line":128,"column":16},"end":{"line":128,"column":50}},"41":{"start":{"line":129,"column":4},"end":{"line":129,"column":69}},"42":{"start":{"line":129,"column":35},"end":{"line":129,"column":69}},"43":{"start":{"line":130,"column":4},"end":{"line":130,"column":54}},"44":{"start":{"line":130,"column":30},"end":{"line":130,"column":54}},"45":{"start":{"line":131,"column":4},"end":{"line":131,"column":17}},"46":{"start":{"line":135,"column":18},"end":{"line":135,"column":65}},"47":{"start":{"line":135,"column":44},"end":{"line":135,"column":64}},"48":{"start":{"line":136,"column":4},"end":{"line":136,"column":35}},"49":{"start":{"line":136,"column":22},"end":{"line":136,"column":35}},"50":{"start":{"line":137,"column":4},"end":{"line":137,"column":32}},"51":{"start":{"line":138,"column":4},"end":{"line":138,"column":16}},"52":{"start":{"line":143,"column":4},"end":{"line":150,"column":6}},"53":{"start":{"line":148,"column":54},"end":{"line":148,"column":73}},"54":{"start":{"line":149,"column":36},"end":{"line":149,"column":49}},"55":{"start":{"line":155,"column":24},"end":{"line":163,"column":10}},"56":{"start":{"line":157,"column":26},"end":{"line":157,"column":90}},"57":{"start":{"line":157,"column":48},"end":{"line":157,"column":89}},"58":{"start":{"line":158,"column":10},"end":{"line":160,"column":11}},"59":{"start":{"line":159,"column":12},"end":{"line":159,"column":88}},"60":{"start":{"line":161,"column":10},"end":{"line":161,"column":62}},"61":{"start":{"line":165,"column":18},"end":{"line":167,"column":10}},"62":{"start":{"line":166,"column":42},"end":{"line":166,"column":65}},"63":{"start":{"line":169,"column":4},"end":{"line":169,"column":79}},"64":{"start":{"line":11,"column":0},"end":{"line":11,"column":13}}},"fnMap":{"0":{"name":"(anonymous_0)","decl":{"start":{"line":18,"column":2},"end":{"line":18,"column":null}},"loc":{"start":{"line":23,"column":22},"end":{"line":30,"column":3}}},"1":{"name":"(anonymous_1)","decl":{"start":{"line":33,"column":2},"end":{"line":33,"column":10}},"loc":{"start":{"line":33,"column":10},"end":{"line":35,"column":3}}},"2":{"name":"(anonymous_2)","decl":{"start":{"line":37,"column":2},"end":{"line":37,"column":13}},"loc":{"start":{"line":37,"column":13},"end":{"line":39,"column":3}}},"3":{"name":"(anonymous_3)","decl":{"start":{"line":41,"column":2},"end":{"line":41,"column":9}},"loc":{"start":{"line":41,"column":9},"end":{"line":43,"column":3}}},"4":{"name":"(anonymous_4)","decl":{"start":{"line":45,"column":2},"end":{"line":45,"column":16}},"loc":{"start":{"line":45,"column":16},"end":{"line":47,"column":3}}},"5":{"name":"(anonymous_5)","decl":{"start":{"line":49,"column":2},"end":{"line":49,"column":10}},"loc":{"start":{"line":49,"column":10},"end":{"line":51,"column":3}}},"6":{"name":"(anonymous_6)","decl":{"start":{"line":54,"column":2},"end":{"line":54,"column":12}},"loc":{"start":{"line":54,"column":12},"end":{"line":56,"column":3}}},"7":{"name":"(anonymous_7)","decl":{"start":{"line":59,"column":2},"end":{"line":59,"column":10}},"loc":{"start":{"line":59,"column":24},"end":{"line":61,"column":3}}},"8":{"name":"(anonymous_8)","decl":{"start":{"line":63,"column":2},"end":{"line":63,"column":13}},"loc":{"start":{"line":63,"column":30},"end":{"line":65,"column":3}}},"9":{"name":"(anonymous_9)","decl":{"start":{"line":67,"column":2},"end":{"line":67,"column":9}},"loc":{"start":{"line":67,"column":22},"end":{"line":69,"column":3}}},"10":{"name":"(anonymous_10)","decl":{"start":{"line":72,"column":2},"end":{"line":72,"column":15}},"loc":{"start":{"line":72,"column":32},"end":{"line":82,"column":3}}},"11":{"name":"(anonymous_11)","decl":{"start":{"line":84,"column":2},"end":{"line":84,"column":18}},"loc":{"start":{"line":84,"column":37},"end":{"line":95,"column":3}}},"12":{"name":"(anonymous_12)","decl":{"start":{"line":85,"column":45},"end":{"line":85,"column":55}},"loc":{"start":{"line":86,"column":6},"end":{"line":86,"column":53}}},"13":{"name":"(anonymous_13)","decl":{"start":{"line":97,"column":2},"end":{"line":97,"column":28}},"loc":{"start":{"line":97,"column":47},"end":{"line":101,"column":3}}},"14":{"name":"(anonymous_14)","decl":{"start":{"line":98,"column":33},"end":{"line":98,"column":43}},"loc":{"start":{"line":99,"column":6},"end":{"line":99,"column":53}}},"15":{"name":"(anonymous_15)","decl":{"start":{"line":104,"column":2},"end":{"line":104,"column":21}},"loc":{"start":{"line":104,"column":21},"end":{"line":106,"column":3}}},"16":{"name":"(anonymous_16)","decl":{"start":{"line":105,"column":32},"end":{"line":105,"column":42}},"loc":{"start":{"line":105,"column":46},"end":{"line":105,"column":69}}},"17":{"name":"(anonymous_17)","decl":{"start":{"line":109,"column":2},"end":{"line":109,"column":12}},"loc":{"start":{"line":109,"column":12},"end":{"line":111,"column":3}}},"18":{"name":"(anonymous_18)","decl":{"start":{"line":110,"column":26},"end":{"line":110,"column":30}},"loc":{"start":{"line":110,"column":34},"end":{"line":110,"column":46}}},"19":{"name":"(anonymous_19)","decl":{"start":{"line":114,"column":2},"end":{"line":114,"column":9}},"loc":{"start":{"line":114,"column":20},"end":{"line":120,"column":3}}},"20":{"name":"(anonymous_20)","decl":{"start":{"line":122,"column":2},"end":{"line":122,"column":14}},"loc":{"start":{"line":122,"column":29},"end":{"line":124,"column":3}}},"21":{"name":"(anonymous_21)","decl":{"start":{"line":123,"column":27},"end":{"line":123,"column":28}},"loc":{"start":{"line":123,"column":32},"end":{"line":123,"column":52}}},"22":{"name":"(anonymous_22)","decl":{"start":{"line":126,"column":2},"end":{"line":126,"column":12}},"loc":{"start":{"line":126,"column":66},"end":{"line":132,"column":3}}},"23":{"name":"(anonymous_23)","decl":{"start":{"line":134,"column":2},"end":{"line":134,"column":12}},"loc":{"start":{"line":134,"column":27},"end":{"line":139,"column":3}}},"24":{"name":"(anonymous_24)","decl":{"start":{"line":135,"column":39},"end":{"line":135,"column":40}},"loc":{"start":{"line":135,"column":44},"end":{"line":135,"column":64}}},"25":{"name":"(anonymous_25)","decl":{"start":{"line":142,"column":2},"end":{"line":142,"column":8}},"loc":{"start":{"line":142,"column":8},"end":{"line":151,"column":3}}},"26":{"name":"(anonymous_26)","decl":{"start":{"line":148,"column":40},"end":{"line":148,"column":50}},"loc":{"start":{"line":148,"column":54},"end":{"line":148,"column":73}}},"27":{"name":"(anonymous_27)","decl":{"start":{"line":149,"column":28},"end":{"line":149,"column":32}},"loc":{"start":{"line":149,"column":36},"end":{"line":149,"column":49}}},"28":{"name":"(anonymous_28)","decl":{"start":{"line":154,"column":2},"end":{"line":154,"column":8}},"loc":{"start":{"line":154,"column":132},"end":{"line":170,"column":3}}},"29":{"name":"(anonymous_29)","decl":{"start":{"line":156,"column":29},"end":{"line":156,"column":30}},"loc":{"start":{"line":156,"column":53},"end":{"line":162,"column":9}}},"30":{"name":"(anonymous_30)","decl":{"start":{"line":157,"column":43},"end":{"line":157,"column":44}},"loc":{"start":{"line":157,"column":48},"end":{"line":157,"column":89}}},"31":{"name":"(anonymous_31)","decl":{"start":{"line":166,"column":23},"end":{"line":166,"column":24}},"loc":{"start":{"line":166,"column":42},"end":{"line":166,"column":65}}}},"branchMap":{"0":{"loc":{"start":{"line":22,"column":4},"end":{"line":22,"column":34}},"type":"default-arg","locations":[{"start":{"line":22,"column":32},"end":{"line":22,"column":34}}]},"1":{"loc":{"start":{"line":23,"column":4},"end":{"line":23,"column":22}},"type":"default-arg","locations":[{"start":{"line":23,"column":20},"end":{"line":23,"column":22}}]},"2":{"loc":{"start":{"line":75,"column":4},"end":{"line":77,"column":5}},"type":"if","locations":[{"start":{"line":75,"column":4},"end":{"line":77,"column":5}}]},"3":{"loc":{"start":{"line":89,"column":4},"end":{"line":91,"column":5}},"type":"if","locations":[{"start":{"line":89,"column":4},"end":{"line":91,"column":5}}]},"4":{"loc":{"start":{"line":128,"column":4},"end":{"line":128,"column":50}},"type":"if","locations":[{"start":{"line":128,"column":4},"end":{"line":128,"column":50}}]},"5":{"loc":{"start":{"line":129,"column":4},"end":{"line":129,"column":69}},"type":"if","locations":[{"start":{"line":129,"column":4},"end":{"line":129,"column":69}}]},"6":{"loc":{"start":{"line":130,"column":4},"end":{"line":130,"column":54}},"type":"if","locations":[{"start":{"line":130,"column":4},"end":{"line":130,"column":54}}]},"7":{"loc":{"start":{"line":136,"column":4},"end":{"line":136,"column":35}},"type":"if","locations":[{"start":{"line":136,"column":4},"end":{"line":136,"column":35}}]},"8":{"loc":{"start":{"line":155,"column":24},"end":{"line":163,"column":10}},"type":"cond-expr","locations":[{"start":{"line":156,"column":8},"end":{"line":162,"column":10}},{"start":{"line":163,"column":8},"end":{"line":163,"column":10}}]},"9":{"loc":{"start":{"line":158,"column":10},"end":{"line":160,"column":11}},"type":"if","locations":[{"start":{"line":158,"column":10},"end":{"line":160,"column":11}}]},"10":{"loc":{"start":{"line":165,"column":18},"end":{"line":167,"column":10}},"type":"cond-expr","locations":[{"start":{"line":166,"column":8},"end":{"line":166,"column":66}},{"start":{"line":167,"column":8},"end":{"line":167,"column":10}}]}},"s":{"0":1,"1":1,"2":4,"3":4,"4":4,"5":4,"6":4,"7":16,"8":16,"9":16,"10":16,"11":21,"12":35,"13":0,"14":0,"15":0,"16":0,"17":0,"18":0,"19":0,"20":0,"21":0,"22":0,"23":0,"24":0,"25":0,"26":0,"27":0,"28":0,"29":0,"30":0,"31":0,"32":1,"33":2,"34":4,"35":4,"36":0,"37":0,"38":0,"39":0,"40":0,"41":0,"42":0,"43":0,"44":0,"45":0,"46":0,"47":0,"48":0,"49":0,"50":0,"51":0,"52":4,"53":0,"54":0,"55":0,"56":0,"57":0,"58":0,"59":0,"60":0,"61":0,"62":0,"63":0,"64":1},"f":{"0":4,"1":16,"2":16,"3":16,"4":16,"5":21,"6":35,"7":0,"8":0,"9":0,"10":0,"11":0,"12":0,"13":0,"14":0,"15":0,"16":0,"17":1,"18":2,"19":4,"20":0,"21":0,"22":0,"23":0,"24":0,"25":4,"26":0,"27":0,"28":0,"29":0,"30":0,"31":0},"b":{"0":[4],"1":[4],"2":[0],"3":[0],"4":[0],"5":[0],"6":[0],"7":[0],"8":[0,0],"9":[0],"10":[0,0]}}
,"C:\\Users\\felip\\OneDrive\\Documents\\faculdade\\ESS\\ESS 2025.2\\projeto\\teaching-assistant-react\\backend\\src\\models\\Classes.ts": {"path":"C:\\Users\\felip\\OneDrive\\Documents\\faculdade\\ESS\\ESS 2025.2\\projeto\\teaching-assistant-react\\backend\\src\\models\\Classes.ts","statementMap":{"0":{"start":{"line":5,"column":10},"end":{"line":5,"column":32}},"1":{"start":{"line":14,"column":4},"end":{"line":16,"column":5}},"2":{"start":{"line":15,"column":6},"end":{"line":15,"column":82}},"3":{"start":{"line":18,"column":4},"end":{"line":18,"column":32}},"4":{"start":{"line":19,"column":4},"end":{"line":19,"column":20}},"5":{"start":{"line":24,"column":18},"end":{"line":24,"column":73}},"6":{"start":{"line":24,"column":46},"end":{"line":24,"column":72}},"7":{"start":{"line":26,"column":4},"end":{"line":28,"column":5}},"8":{"start":{"line":27,"column":6},"end":{"line":27,"column":19}},"9":{"start":{"line":30,"column":4},"end":{"line":30,"column":34}},"10":{"start":{"line":31,"column":4},"end":{"line":31,"column":16}},"11":{"start":{"line":36,"column":26},"end":{"line":36,"column":71}},"12":{"start":{"line":38,"column":4},"end":{"line":40,"column":5}},"13":{"start":{"line":39,"column":6},"end":{"line":39,"column":41}},"14":{"start":{"line":43,"column":4},"end":{"line":43,"column":52}},"15":{"start":{"line":44,"column":4},"end":{"line":44,"column":58}},"16":{"start":{"line":45,"column":4},"end":{"line":45,"column":50}},"17":{"start":{"line":48,"column":31},"end":{"line":48,"column":60}},"18":{"start":{"line":49,"column":32},"end":{"line":49,"column":62}},"19":{"start":{"line":52,"column":4},"end":{"line":79,"column":7}},"20":{"start":{"line":53,"column":25},"end":{"line":53,"column":64}},"21":{"start":{"line":54,"column":33},"end":{"line":54,"column":85}},"22":{"start":{"line":56,"column":6},"end":{"line":78,"column":7}},"23":{"start":{"line":58,"column":35},"end":{"line":58,"column":69}},"24":{"start":{"line":59,"column":8},"end":{"line":61,"column":11}},"25":{"start":{"line":60,"column":10},"end":{"line":60,"column":96}},"26":{"start":{"line":64,"column":8},"end":{"line":77,"column":9}},"27":{"start":{"line":65,"column":10},"end":{"line":65,"column":70}},"28":{"start":{"line":66,"column":32},"end":{"line":66,"column":84}},"29":{"start":{"line":67,"column":10},"end":{"line":73,"column":11}},"30":{"start":{"line":69,"column":39},"end":{"line":69,"column":73}},"31":{"start":{"line":70,"column":12},"end":{"line":72,"column":15}},"32":{"start":{"line":71,"column":14},"end":{"line":71,"column":95}},"33":{"start":{"line":76,"column":10},"end":{"line":76,"column":87}},"34":{"start":{"line":81,"column":4},"end":{"line":81,"column":25}},"35":{"start":{"line":86,"column":4},"end":{"line":86,"column":62}},"36":{"start":{"line":86,"column":34},"end":{"line":86,"column":60}},"37":{"start":{"line":91,"column":4},"end":{"line":91,"column":29}},"38":{"start":{"line":96,"column":4},"end":{"line":96,"column":31}},"39":{"start":{"line":101,"column":4},"end":{"line":101,"column":58}},"40":{"start":{"line":101,"column":36},"end":{"line":101,"column":56}},"41":{"start":{"line":106,"column":4},"end":{"line":106,"column":94}},"42":{"start":{"line":106,"column":36},"end":{"line":106,"column":92}},"43":{"start":{"line":111,"column":32},"end":{"line":111,"column":34}},"44":{"start":{"line":112,"column":21},"end":{"line":112,"column":38}},"45":{"start":{"line":114,"column":4},"end":{"line":121,"column":7}},"46":{"start":{"line":115,"column":6},"end":{"line":120,"column":9}},"47":{"start":{"line":116,"column":8},"end":{"line":119,"column":9}},"48":{"start":{"line":117,"column":10},"end":{"line":117,"column":41}},"49":{"start":{"line":118,"column":10},"end":{"line":118,"column":33}},"50":{"start":{"line":123,"column":4},"end":{"line":123,"column":20}},"51":{"start":{"line":4,"column":0},"end":{"line":4,"column":13}}},"fnMap":{"0":{"name":"(anonymous_0)","decl":{"start":{"line":7,"column":2},"end":{"line":7,"column":null}},"loc":{"start":{"line":7,"column":2},"end":{"line":9,"column":3}}},"1":{"name":"(anonymous_1)","decl":{"start":{"line":12,"column":2},"end":{"line":12,"column":10}},"loc":{"start":{"line":12,"column":26},"end":{"line":20,"column":3}}},"2":{"name":"(anonymous_2)","decl":{"start":{"line":23,"column":2},"end":{"line":23,"column":13}},"loc":{"start":{"line":23,"column":29},"end":{"line":32,"column":3}}},"3":{"name":"(anonymous_3)","decl":{"start":{"line":24,"column":41},"end":{"line":24,"column":42}},"loc":{"start":{"line":24,"column":46},"end":{"line":24,"column":72}}},"4":{"name":"(anonymous_4)","decl":{"start":{"line":35,"column":2},"end":{"line":35,"column":13}},"loc":{"start":{"line":35,"column":33},"end":{"line":82,"column":3}}},"5":{"name":"(anonymous_5)","decl":{"start":{"line":52,"column":31},"end":{"line":52,"column":48}},"loc":{"start":{"line":52,"column":51},"end":{"line":79,"column":5}}},"6":{"name":"(anonymous_6)","decl":{"start":{"line":59,"column":35},"end":{"line":59,"column":45}},"loc":{"start":{"line":59,"column":48},"end":{"line":61,"column":9}}},"7":{"name":"(anonymous_7)","decl":{"start":{"line":70,"column":39},"end":{"line":70,"column":49}},"loc":{"start":{"line":70,"column":52},"end":{"line":72,"column":13}}},"8":{"name":"(anonymous_8)","decl":{"start":{"line":85,"column":2},"end":{"line":85,"column":15}},"loc":{"start":{"line":85,"column":31},"end":{"line":87,"column":3}}},"9":{"name":"(anonymous_9)","decl":{"start":{"line":86,"column":29},"end":{"line":86,"column":30}},"loc":{"start":{"line":86,"column":34},"end":{"line":86,"column":60}}},"10":{"name":"(anonymous_10)","decl":{"start":{"line":90,"column":2},"end":{"line":90,"column":15}},"loc":{"start":{"line":90,"column":15},"end":{"line":92,"column":3}}},"11":{"name":"(anonymous_11)","decl":{"start":{"line":95,"column":2},"end":{"line":95,"column":10}},"loc":{"start":{"line":95,"column":10},"end":{"line":97,"column":3}}},"12":{"name":"(anonymous_12)","decl":{"start":{"line":100,"column":2},"end":{"line":100,"column":19}},"loc":{"start":{"line":100,"column":32},"end":{"line":102,"column":3}}},"13":{"name":"(anonymous_13)","decl":{"start":{"line":101,"column":31},"end":{"line":101,"column":32}},"loc":{"start":{"line":101,"column":36},"end":{"line":101,"column":56}}},"14":{"name":"(anonymous_14)","decl":{"start":{"line":105,"column":2},"end":{"line":105,"column":20}},"loc":{"start":{"line":105,"column":34},"end":{"line":107,"column":3}}},"15":{"name":"(anonymous_15)","decl":{"start":{"line":106,"column":31},"end":{"line":106,"column":32}},"loc":{"start":{"line":106,"column":36},"end":{"line":106,"column":92}}},"16":{"name":"(anonymous_16)","decl":{"start":{"line":110,"column":2},"end":{"line":110,"column":24}},"loc":{"start":{"line":110,"column":24},"end":{"line":124,"column":3}}},"17":{"name":"(anonymous_17)","decl":{"start":{"line":114,"column":25},"end":{"line":114,"column":33}},"loc":{"start":{"line":114,"column":36},"end":{"line":121,"column":5}}},"18":{"name":"(anonymous_18)","decl":{"start":{"line":115,"column":45},"end":{"line":115,"column":52}},"loc":{"start":{"line":115,"column":55},"end":{"line":120,"column":7}}}},"branchMap":{"0":{"loc":{"start":{"line":14,"column":4},"end":{"line":16,"column":5}},"type":"if","locations":[{"start":{"line":14,"column":4},"end":{"line":16,"column":5}}]},"1":{"loc":{"start":{"line":26,"column":4},"end":{"line":28,"column":5}},"type":"if","locations":[{"start":{"line":26,"column":4},"end":{"line":28,"column":5}}]},"2":{"loc":{"start":{"line":38,"column":4},"end":{"line":40,"column":5}},"type":"if","locations":[{"start":{"line":38,"column":4},"end":{"line":40,"column":5}}]},"3":{"loc":{"start":{"line":56,"column":6},"end":{"line":78,"column":7}},"type":"if","locations":[{"start":{"line":56,"column":6},"end":{"line":78,"column":7}},{"start":{"line":62,"column":13},"end":{"line":78,"column":7}}]},"4":{"loc":{"start":{"line":67,"column":10},"end":{"line":73,"column":11}},"type":"if","locations":[{"start":{"line":67,"column":10},"end":{"line":73,"column":11}}]},"5":{"loc":{"start":{"line":116,"column":8},"end":{"line":119,"column":9}},"type":"if","locations":[{"start":{"line":116,"column":8},"end":{"line":119,"column":9}}]}},"s":{"0":1,"1":4,"2":0,"3":4,"4":4,"5":0,"6":0,"7":0,"8":0,"9":0,"10":0,"11":0,"12":0,"13":0,"14":0,"15":0,"16":0,"17":0,"18":0,"19":0,"20":0,"21":0,"22":0,"23":0,"24":0,"25":0,"26":0,"27":0,"28":0,"29":0,"30":0,"31":0,"32":0,"33":0,"34":0,"35":14,"36":27,"37":7,"38":0,"39":0,"40":0,"41":0,"42":0,"43":0,"44":0,"45":0,"46":0,"47":0,"48":0,"49":0,"50":0,"51":1},"f":{"0":1,"1":4,"2":0,"3":0,"4":0,"5":0,"6":0,"7":0,"8":14,"9":27,"10":7,"11":0,"12":0,"13":0,"14":0,"15":0,"16":0,"17":0,"18":0},"b":{"0":[0],"1":[0],"2":[0],"3":[0,0],"4":[0],"5":[0]}}
,"C:\\Users\\felip\\OneDrive\\Documents\\faculdade\\ESS\\ESS 2025.2\\projeto\\teaching-assistant-react\\backend\\src\\models\\Enrollment.ts": {"path":"C:\\Users\\felip\\OneDrive\\Documents\\faculdade\\ESS\\ESS 2025.2\\projeto\\teaching-assistant-react\\backend\\src\\models\\Enrollment.ts","statementMap":{"0":{"start":{"line":2,"column":0},"end":{"line":2,"column":42}},"1":{"start":{"line":14,"column":4},"end":{"line":14,"column":27}},"2":{"start":{"line":15,"column":4},"end":{"line":15,"column":35}},"3":{"start":{"line":16,"column":4},"end":{"line":16,"column":39}},"4":{"start":{"line":17,"column":4},"end":{"line":17,"column":39}},"5":{"start":{"line":18,"column":4},"end":{"line":18,"column":47}},"6":{"start":{"line":23,"column":4},"end":{"line":23,"column":24}},"7":{"start":{"line":28,"column":4},"end":{"line":28,"column":33}},"8":{"start":{"line":33,"column":4},"end":{"line":33,"column":30}},"9":{"start":{"line":38,"column":4},"end":{"line":38,"column":39}},"10":{"start":{"line":43,"column":4},"end":{"line":43,"column":30}},"11":{"start":{"line":48,"column":4},"end":{"line":48,"column":39}},"12":{"start":{"line":53,"column":4},"end":{"line":53,"column":34}},"13":{"start":{"line":58,"column":4},"end":{"line":58,"column":47}},"14":{"start":{"line":63,"column":26},"end":{"line":63,"column":97}},"15":{"start":{"line":63,"column":67},"end":{"line":63,"column":96}},"16":{"start":{"line":64,"column":4},"end":{"line":68,"column":5}},"17":{"start":{"line":65,"column":6},"end":{"line":65,"column":54}},"18":{"start":{"line":67,"column":6},"end":{"line":67,"column":57}},"19":{"start":{"line":73,"column":26},"end":{"line":73,"column":97}},"20":{"start":{"line":73,"column":67},"end":{"line":73,"column":96}},"21":{"start":{"line":74,"column":4},"end":{"line":77,"column":5}},"22":{"start":{"line":75,"column":6},"end":{"line":75,"column":48}},"23":{"start":{"line":76,"column":6},"end":{"line":76,"column":18}},"24":{"start":{"line":78,"column":4},"end":{"line":78,"column":17}},"25":{"start":{"line":83,"column":4},"end":{"line":83,"column":78}},"26":{"start":{"line":83,"column":47},"end":{"line":83,"column":76}},"27":{"start":{"line":88,"column":4},"end":{"line":91,"column":6}},"28":{"start":{"line":90,"column":54},"end":{"line":90,"column":73}},"29":{"start":{"line":96,"column":24},"end":{"line":98,"column":10}},"30":{"start":{"line":97,"column":48},"end":{"line":97,"column":77}},"31":{"start":{"line":100,"column":4},"end":{"line":100,"column":48}},"32":{"start":{"line":4,"column":0},"end":{"line":4,"column":13}}},"fnMap":{"0":{"name":"(anonymous_0)","decl":{"start":{"line":13,"column":2},"end":{"line":13,"column":14}},"loc":{"start":{"line":13,"column":152},"end":{"line":19,"column":3}}},"1":{"name":"(anonymous_1)","decl":{"start":{"line":22,"column":2},"end":{"line":22,"column":12}},"loc":{"start":{"line":22,"column":12},"end":{"line":24,"column":3}}},"2":{"name":"(anonymous_2)","decl":{"start":{"line":27,"column":2},"end":{"line":27,"column":16}},"loc":{"start":{"line":27,"column":16},"end":{"line":29,"column":3}}},"3":{"name":"(anonymous_3)","decl":{"start":{"line":32,"column":2},"end":{"line":32,"column":18}},"loc":{"start":{"line":32,"column":18},"end":{"line":34,"column":3}}},"4":{"name":"(anonymous_4)","decl":{"start":{"line":37,"column":2},"end":{"line":37,"column":18}},"loc":{"start":{"line":37,"column":40},"end":{"line":39,"column":3}}},"5":{"name":"(anonymous_5)","decl":{"start":{"line":42,"column":2},"end":{"line":42,"column":18}},"loc":{"start":{"line":42,"column":18},"end":{"line":44,"column":3}}},"6":{"name":"(anonymous_6)","decl":{"start":{"line":47,"column":2},"end":{"line":47,"column":18}},"loc":{"start":{"line":47,"column":40},"end":{"line":49,"column":3}}},"7":{"name":"(anonymous_7)","decl":{"start":{"line":52,"column":2},"end":{"line":52,"column":22}},"loc":{"start":{"line":52,"column":22},"end":{"line":54,"column":3}}},"8":{"name":"(anonymous_8)","decl":{"start":{"line":57,"column":2},"end":{"line":57,"column":22}},"loc":{"start":{"line":57,"column":49},"end":{"line":59,"column":3}}},"9":{"name":"(anonymous_9)","decl":{"start":{"line":62,"column":2},"end":{"line":62,"column":23}},"loc":{"start":{"line":62,"column":66},"end":{"line":69,"column":3}}},"10":{"name":"(anonymous_10)","decl":{"start":{"line":63,"column":53},"end":{"line":63,"column":63}},"loc":{"start":{"line":63,"column":67},"end":{"line":63,"column":96}}},"11":{"name":"(anonymous_11)","decl":{"start":{"line":72,"column":2},"end":{"line":72,"column":18}},"loc":{"start":{"line":72,"column":31},"end":{"line":79,"column":3}}},"12":{"name":"(anonymous_12)","decl":{"start":{"line":73,"column":53},"end":{"line":73,"column":63}},"loc":{"start":{"line":73,"column":67},"end":{"line":73,"column":96}}},"13":{"name":"(anonymous_13)","decl":{"start":{"line":82,"column":2},"end":{"line":82,"column":22}},"loc":{"start":{"line":82,"column":35},"end":{"line":84,"column":3}}},"14":{"name":"(anonymous_14)","decl":{"start":{"line":83,"column":33},"end":{"line":83,"column":43}},"loc":{"start":{"line":83,"column":47},"end":{"line":83,"column":76}}},"15":{"name":"(anonymous_15)","decl":{"start":{"line":87,"column":2},"end":{"line":87,"column":8}},"loc":{"start":{"line":87,"column":8},"end":{"line":92,"column":3}}},"16":{"name":"(anonymous_16)","decl":{"start":{"line":90,"column":40},"end":{"line":90,"column":50}},"loc":{"start":{"line":90,"column":54},"end":{"line":90,"column":73}}},"17":{"name":"(anonymous_17)","decl":{"start":{"line":95,"column":2},"end":{"line":95,"column":8}},"loc":{"start":{"line":95,"column":78},"end":{"line":101,"column":3}}},"18":{"name":"(anonymous_18)","decl":{"start":{"line":97,"column":29},"end":{"line":97,"column":30}},"loc":{"start":{"line":97,"column":48},"end":{"line":97,"column":77}}}},"branchMap":{"0":{"loc":{"start":{"line":13,"column":32},"end":{"line":13,"column":62}},"type":"default-arg","locations":[{"start":{"line":13,"column":60},"end":{"line":13,"column":62}}]},"1":{"loc":{"start":{"line":13,"column":64},"end":{"line":13,"column":89}},"type":"default-arg","locations":[{"start":{"line":13,"column":88},"end":{"line":13,"column":89}}]},"2":{"loc":{"start":{"line":13,"column":91},"end":{"line":13,"column":116}},"type":"default-arg","locations":[{"start":{"line":13,"column":115},"end":{"line":13,"column":116}}]},"3":{"loc":{"start":{"line":13,"column":118},"end":{"line":13,"column":152}},"type":"default-arg","locations":[{"start":{"line":13,"column":147},"end":{"line":13,"column":152}}]},"4":{"loc":{"start":{"line":64,"column":4},"end":{"line":68,"column":5}},"type":"if","locations":[{"start":{"line":64,"column":4},"end":{"line":68,"column":5}},{"start":{"line":66,"column":11},"end":{"line":68,"column":5}}]},"5":{"loc":{"start":{"line":74,"column":4},"end":{"line":77,"column":5}},"type":"if","locations":[{"start":{"line":74,"column":4},"end":{"line":77,"column":5}}]},"6":{"loc":{"start":{"line":96,"column":24},"end":{"line":98,"column":10}},"type":"cond-expr","locations":[{"start":{"line":97,"column":8},"end":{"line":97,"column":78}},{"start":{"line":98,"column":8},"end":{"line":98,"column":10}}]}},"s":{"0":1,"1":0,"2":0,"3":0,"4":0,"5":0,"6":0,"7":0,"8":0,"9":0,"10":0,"11":0,"12":0,"13":0,"14":0,"15":0,"16":0,"17":0,"18":0,"19":0,"20":0,"21":0,"22":0,"23":0,"24":0,"25":0,"26":0,"27":0,"28":0,"29":0,"30":0,"31":0,"32":1},"f":{"0":0,"1":0,"2":0,"3":0,"4":0,"5":0,"6":0,"7":0,"8":0,"9":0,"10":0,"11":0,"12":0,"13":0,"14":0,"15":0,"16":0,"17":0,"18":0},"b":{"0":[0],"1":[0],"2":[0],"3":[0],"4":[0,0],"5":[0],"6":[0,0]}}
,"C:\\Users\\felip\\OneDrive\\Documents\\faculdade\\ESS\\ESS 2025.2\\projeto\\teaching-assistant-react\\backend\\src\\models\\Evaluation.ts": {"path":"C:\\Users\\felip\\OneDrive\\Documents\\faculdade\\ESS\\ESS 2025.2\\projeto\\teaching-assistant-react\\backend\\src\\models\\Evaluation.ts","statementMap":{"0":{"start":{"line":8,"column":4},"end":{"line":8,"column":21}},"1":{"start":{"line":9,"column":4},"end":{"line":9,"column":23}},"2":{"start":{"line":13,"column":4},"end":{"line":13,"column":21}},"3":{"start":{"line":17,"column":4},"end":{"line":17,"column":22}},"4":{"start":{"line":21,"column":4},"end":{"line":21,"column":23}},"5":{"start":{"line":25,"column":4},"end":{"line":28,"column":6}},"6":{"start":{"line":33,"column":4},"end":{"line":33,"column":49}},"7":{"start":{"line":3,"column":0},"end":{"line":3,"column":13}},"8":{"start":{"line":38,"column":13},"end":{"line":45,"column":11}}},"fnMap":{"0":{"name":"(anonymous_0)","decl":{"start":{"line":7,"column":2},"end":{"line":7,"column":14}},"loc":{"start":{"line":7,"column":40},"end":{"line":10,"column":3}}},"1":{"name":"(anonymous_1)","decl":{"start":{"line":12,"column":9},"end":{"line":12,"column":16}},"loc":{"start":{"line":12,"column":16},"end":{"line":14,"column":3}}},"2":{"name":"(anonymous_2)","decl":{"start":{"line":16,"column":9},"end":{"line":16,"column":17}},"loc":{"start":{"line":16,"column":17},"end":{"line":18,"column":3}}},"3":{"name":"(anonymous_3)","decl":{"start":{"line":20,"column":9},"end":{"line":20,"column":17}},"loc":{"start":{"line":20,"column":30},"end":{"line":22,"column":3}}},"4":{"name":"(anonymous_4)","decl":{"start":{"line":24,"column":9},"end":{"line":24,"column":15}},"loc":{"start":{"line":24,"column":15},"end":{"line":29,"column":3}}},"5":{"name":"(anonymous_5)","decl":{"start":{"line":32,"column":9},"end":{"line":32,"column":15}},"loc":{"start":{"line":32,"column":61},"end":{"line":34,"column":3}}}},"branchMap":{},"s":{"0":0,"1":0,"2":0,"3":0,"4":0,"5":0,"6":0,"7":1,"8":1},"f":{"0":0,"1":0,"2":0,"3":0,"4":0,"5":0},"b":{}}
,"C:\\Users\\felip\\OneDrive\\Documents\\faculdade\\ESS\\ESS 2025.2\\projeto\\teaching-assistant-react\\backend\\src\\models\\Goal.ts": {"path":"C:\\Users\\felip\\OneDrive\\Documents\\faculdade\\ESS\\ESS 2025.2\\projeto\\teaching-assistant-react\\backend\\src\\models\\Goal.ts","statementMap":{"0":{"start":{"line":1,"column":0},"end":{"line":1,"column":36}},"1":{"start":{"line":11,"column":4},"end":{"line":11,"column":33}},"2":{"start":{"line":12,"column":4},"end":{"line":12,"column":35}},"3":{"start":{"line":13,"column":4},"end":{"line":13,"column":25}},"4":{"start":{"line":14,"column":4},"end":{"line":14,"column":45}},"5":{"start":{"line":18,"column":4},"end":{"line":18,"column":19}},"6":{"start":{"line":22,"column":4},"end":{"line":22,"column":28}},"7":{"start":{"line":26,"column":4},"end":{"line":26,"column":23}},"8":{"start":{"line":30,"column":4},"end":{"line":30,"column":26}},"9":{"start":{"line":34,"column":4},"end":{"line":34,"column":35}},"10":{"start":{"line":38,"column":4},"end":{"line":38,"column":25}},"11":{"start":{"line":44,"column":4},"end":{"line":44,"column":78}},"12":{"start":{"line":48,"column":4},"end":{"line":53,"column":6}},"13":{"start":{"line":57,"column":4},"end":{"line":62,"column":6}},"14":{"start":{"line":3,"column":0},"end":{"line":3,"column":13}}},"fnMap":{"0":{"name":"(anonymous_0)","decl":{"start":{"line":9,"column":2},"end":{"line":9,"column":14}},"loc":{"start":{"line":9,"column":80},"end":{"line":15,"column":3}}},"1":{"name":"(anonymous_1)","decl":{"start":{"line":17,"column":2},"end":{"line":17,"column":7}},"loc":{"start":{"line":17,"column":7},"end":{"line":19,"column":3}}},"2":{"name":"(anonymous_2)","decl":{"start":{"line":21,"column":2},"end":{"line":21,"column":16}},"loc":{"start":{"line":21,"column":16},"end":{"line":23,"column":3}}},"3":{"name":"(anonymous_3)","decl":{"start":{"line":25,"column":2},"end":{"line":25,"column":11}},"loc":{"start":{"line":25,"column":11},"end":{"line":27,"column":3}}},"4":{"name":"(anonymous_4)","decl":{"start":{"line":29,"column":2},"end":{"line":29,"column":14}},"loc":{"start":{"line":29,"column":14},"end":{"line":31,"column":3}}},"5":{"name":"(anonymous_5)","decl":{"start":{"line":33,"column":2},"end":{"line":33,"column":16}},"loc":{"start":{"line":33,"column":36},"end":{"line":35,"column":3}}},"6":{"name":"(anonymous_6)","decl":{"start":{"line":37,"column":2},"end":{"line":37,"column":11}},"loc":{"start":{"line":37,"column":26},"end":{"line":39,"column":3}}},"7":{"name":"(anonymous_7)","decl":{"start":{"line":41,"column":2},"end":{"line":41,"column":7}},"loc":{"start":{"line":41,"column":7},"end":{"line":45,"column":3}}},"8":{"name":"(anonymous_8)","decl":{"start":{"line":47,"column":2},"end":{"line":47,"column":8}},"loc":{"start":{"line":47,"column":8},"end":{"line":54,"column":3}}},"9":{"name":"(anonymous_9)","decl":{"start":{"line":56,"column":2},"end":{"line":56,"column":8}},"loc":{"start":{"line":56,"column":27},"end":{"line":63,"column":3}}}},"branchMap":{"0":{"loc":{"start":{"line":11,"column":14},"end":{"line":11,"column":32}},"type":"binary-expr","locations":[{"start":{"line":11,"column":14},"end":{"line":11,"column":16}},{"start":{"line":11,"column":20},"end":{"line":11,"column":32}}]},"1":{"loc":{"start":{"line":14,"column":21},"end":{"line":14,"column":44}},"type":"binary-expr","locations":[{"start":{"line":14,"column":21},"end":{"line":14,"column":30}},{"start":{"line":14,"column":34},"end":{"line":14,"column":44}}]},"2":{"loc":{"start":{"line":61,"column":6},"end":{"line":61,"column":59}},"type":"cond-expr","locations":[{"start":{"line":61,"column":23},"end":{"line":61,"column":47}},{"start":{"line":61,"column":50},"end":{"line":61,"column":59}}]}},"s":{"0":2,"1":6,"2":6,"3":6,"4":6,"5":2,"6":2,"7":2,"8":2,"9":0,"10":0,"11":3,"12":21,"13":0,"14":2},"f":{"0":6,"1":2,"2":2,"3":2,"4":2,"5":0,"6":0,"7":3,"8":21,"9":0},"b":{"0":[6,6],"1":[6,3],"2":[0,0]}}
,"C:\\Users\\felip\\OneDrive\\Documents\\faculdade\\ESS\\ESS 2025.2\\projeto\\teaching-assistant-react\\backend\\src\\models\\Student.ts": {"path":"C:\\Users\\felip\\OneDrive\\Documents\\faculdade\\ESS\\ESS 2025.2\\projeto\\teaching-assistant-react\\backend\\src\\models\\Student.ts","statementMap":{"0":{"start":{"line":5,"column":11},"end":{"line":5,"column":23}},"1":{"start":{"line":6,"column":11},"end":{"line":6,"column":22}},"2":{"start":{"line":7,"column":11},"end":{"line":7,"column":24}},"3":{"start":{"line":9,"column":4},"end":{"line":9,"column":34}},"4":{"start":{"line":10,"column":4},"end":{"line":10,"column":31}},"5":{"start":{"line":11,"column":4},"end":{"line":11,"column":30}},"6":{"start":{"line":15,"column":4},"end":{"line":15,"column":36}},"7":{"start":{"line":19,"column":4},"end":{"line":21,"column":5}},"8":{"start":{"line":20,"column":6},"end":{"line":20,"column":44}},"9":{"start":{"line":25,"column":23},"end":{"line":25,"column":51}},"10":{"start":{"line":26,"column":4},"end":{"line":28,"column":5}},"11":{"start":{"line":27,"column":6},"end":{"line":27,"column":46}},"12":{"start":{"line":33,"column":4},"end":{"line":33,"column":75}},"13":{"start":{"line":38,"column":4},"end":{"line":38,"column":20}},"14":{"start":{"line":43,"column":4},"end":{"line":47,"column":6}},"15":{"start":{"line":3,"column":0},"end":{"line":3,"column":13}}},"fnMap":{"0":{"name":"(anonymous_0)","decl":{"start":{"line":4,"column":2},"end":{"line":4,"column":null}},"loc":{"start":{"line":7,"column":24},"end":{"line":12,"column":3}}},"1":{"name":"(anonymous_1)","decl":{"start":{"line":14,"column":10},"end":{"line":14,"column":18}},"loc":{"start":{"line":14,"column":30},"end":{"line":16,"column":3}}},"2":{"name":"(anonymous_2)","decl":{"start":{"line":18,"column":10},"end":{"line":18,"column":21}},"loc":{"start":{"line":18,"column":38},"end":{"line":22,"column":3}}},"3":{"name":"(anonymous_3)","decl":{"start":{"line":24,"column":10},"end":{"line":24,"column":23}},"loc":{"start":{"line":24,"column":37},"end":{"line":29,"column":3}}},"4":{"name":"(anonymous_4)","decl":{"start":{"line":32,"column":2},"end":{"line":32,"column":17}},"loc":{"start":{"line":32,"column":17},"end":{"line":34,"column":3}}},"5":{"name":"(anonymous_5)","decl":{"start":{"line":37,"column":2},"end":{"line":37,"column":8}},"loc":{"start":{"line":37,"column":8},"end":{"line":39,"column":3}}},"6":{"name":"(anonymous_6)","decl":{"start":{"line":42,"column":2},"end":{"line":42,"column":8}},"loc":{"start":{"line":42,"column":8},"end":{"line":48,"column":3}}}},"branchMap":{"0":{"loc":{"start":{"line":19,"column":4},"end":{"line":21,"column":5}},"type":"if","locations":[{"start":{"line":19,"column":4},"end":{"line":21,"column":5}}]},"1":{"loc":{"start":{"line":19,"column":8},"end":{"line":19,"column":57}},"type":"binary-expr","locations":[{"start":{"line":19,"column":8},"end":{"line":19,"column":30}},{"start":{"line":19,"column":34},"end":{"line":19,"column":57}}]},"2":{"loc":{"start":{"line":26,"column":4},"end":{"line":28,"column":5}},"type":"if","locations":[{"start":{"line":26,"column":4},"end":{"line":28,"column":5}}]}},"s":{"0":0,"1":0,"2":0,"3":0,"4":0,"5":0,"6":0,"7":0,"8":0,"9":0,"10":0,"11":0,"12":0,"13":0,"14":0,"15":1},"f":{"0":0,"1":0,"2":0,"3":0,"4":0,"5":0,"6":0},"b":{"0":[0],"1":[0,0],"2":[0]}}
,"C:\\Users\\felip\\OneDrive\\Documents\\faculdade\\ESS\\ESS 2025.2\\projeto\\teaching-assistant-react\\backend\\src\\models\\StudentSet.ts": {"path":"C:\\Users\\felip\\OneDrive\\Documents\\faculdade\\ESS\\ESS 2025.2\\projeto\\teaching-assistant-react\\backend\\src\\models\\StudentSet.ts","statementMap":{"0":{"start":{"line":4,"column":10},"end":{"line":4,"column":35}},"1":{"start":{"line":13,"column":4},"end":{"line":15,"column":5}},"2":{"start":{"line":14,"column":6},"end":{"line":14,"column":62}},"3":{"start":{"line":17,"column":4},"end":{"line":17,"column":32}},"4":{"start":{"line":18,"column":4},"end":{"line":18,"column":19}},"5":{"start":{"line":23,"column":18},"end":{"line":23,"column":61}},"6":{"start":{"line":23,"column":47},"end":{"line":23,"column":60}},"7":{"start":{"line":25,"column":4},"end":{"line":27,"column":5}},"8":{"start":{"line":26,"column":6},"end":{"line":26,"column":19}},"9":{"start":{"line":29,"column":4},"end":{"line":29,"column":35}},"10":{"start":{"line":30,"column":4},"end":{"line":30,"column":16}},"11":{"start":{"line":36,"column":28},"end":{"line":36,"column":69}},"12":{"start":{"line":38,"column":4},"end":{"line":40,"column":5}},"13":{"start":{"line":39,"column":6},"end":{"line":39,"column":43}},"14":{"start":{"line":43,"column":4},"end":{"line":43,"column":47}},"15":{"start":{"line":44,"column":4},"end":{"line":44,"column":49}},"16":{"start":{"line":48,"column":4},"end":{"line":48,"column":27}},"17":{"start":{"line":51,"column":4},"end":{"line":51,"column":50}},"18":{"start":{"line":51,"column":35},"end":{"line":51,"column":48}},"19":{"start":{"line":56,"column":4},"end":{"line":56,"column":30}},"20":{"start":{"line":61,"column":4},"end":{"line":61,"column":32}},"21":{"start":{"line":3,"column":0},"end":{"line":3,"column":13}}},"fnMap":{"0":{"name":"(anonymous_0)","decl":{"start":{"line":6,"column":2},"end":{"line":6,"column":null}},"loc":{"start":{"line":6,"column":2},"end":{"line":8,"column":3}}},"1":{"name":"(anonymous_1)","decl":{"start":{"line":11,"column":2},"end":{"line":11,"column":12}},"loc":{"start":{"line":11,"column":29},"end":{"line":19,"column":3}}},"2":{"name":"(anonymous_2)","decl":{"start":{"line":22,"column":2},"end":{"line":22,"column":15}},"loc":{"start":{"line":22,"column":27},"end":{"line":31,"column":3}}},"3":{"name":"(anonymous_3)","decl":{"start":{"line":23,"column":42},"end":{"line":23,"column":43}},"loc":{"start":{"line":23,"column":47},"end":{"line":23,"column":60}}},"4":{"name":"(anonymous_4)","decl":{"start":{"line":34,"column":2},"end":{"line":34,"column":15}},"loc":{"start":{"line":34,"column":39},"end":{"line":49,"column":3}}},"5":{"name":"(anonymous_5)","decl":{"start":{"line":50,"column":2},"end":{"line":50,"column":18}},"loc":{"start":{"line":50,"column":30},"end":{"line":52,"column":3}}},"6":{"name":"(anonymous_6)","decl":{"start":{"line":51,"column":30},"end":{"line":51,"column":31}},"loc":{"start":{"line":51,"column":35},"end":{"line":51,"column":48}}},"7":{"name":"(anonymous_7)","decl":{"start":{"line":55,"column":2},"end":{"line":55,"column":16}},"loc":{"start":{"line":55,"column":16},"end":{"line":57,"column":3}}},"8":{"name":"(anonymous_8)","decl":{"start":{"line":60,"column":2},"end":{"line":60,"column":10}},"loc":{"start":{"line":60,"column":10},"end":{"line":62,"column":3}}}},"branchMap":{"0":{"loc":{"start":{"line":13,"column":4},"end":{"line":15,"column":5}},"type":"if","locations":[{"start":{"line":13,"column":4},"end":{"line":15,"column":5}}]},"1":{"loc":{"start":{"line":25,"column":4},"end":{"line":27,"column":5}},"type":"if","locations":[{"start":{"line":25,"column":4},"end":{"line":27,"column":5}}]},"2":{"loc":{"start":{"line":38,"column":4},"end":{"line":40,"column":5}},"type":"if","locations":[{"start":{"line":38,"column":4},"end":{"line":40,"column":5}}]}},"s":{"0":1,"1":0,"2":0,"3":0,"4":0,"5":0,"6":0,"7":0,"8":0,"9":0,"10":0,"11":0,"12":0,"13":0,"14":0,"15":0,"16":0,"17":0,"18":0,"19":7,"20":0,"21":1},"f":{"0":1,"1":0,"2":0,"3":0,"4":0,"5":0,"6":0,"7":7,"8":0},"b":{"0":[0],"1":[0],"2":[0]}}
}
